#
# There is insufficient memory for the Java Runtime Environment to continue.
# Native memory allocation (mmap) failed to map 266338304 bytes for G1 virtual space
# Possible reasons:
#   The system is out of physical RAM or swap space
#   The process is running with CompressedOops enabled, and the Java Heap may be blocking the growth of the native heap
# Possible solutions:
#   Reduce memory load on the system
#   Increase physical memory or swap space
#   Check if swap backing store is full
#   Decrease Java heap size (-Xmx/-Xms)
#   Decrease number of Java threads
#   Decrease Java thread stack sizes (-Xss)
#   Set larger code cache with -XX:ReservedCodeCacheSize=
#   JVM is running with Zero Based Compressed Oops mode in which the Java heap is
#     placed in the first 32GB address space. The Java Heap base address is the
#     maximum limit for the native heap growth. Please use -XX:HeapBaseMinAddress
#     to set the Java Heap base and to place the Java Heap above 32GB virtual address.
# This output file may be truncated or incomplete.
#
#  Out of Memory Error (os_windows.cpp:3559), pid=45920, tid=78004
#
# JRE version:  (17.0.7+7) (build )
# Java VM: OpenJDK 64-Bit Server VM (17.0.7+7-jvmci-22.3-b18, mixed mode, sharing, tiered, jvmci, jvmci compiler, compressed oops, compressed class ptrs, g1 gc, windows-amd64)
# No core dump will be written. Minidumps are not enabled by default on client versions of Windows
#

---------------  S U M M A R Y ------------

Command Line: -XX:ThreadPriorityPolicy=1 -XX:+UnlockExperimentalVMOptions -XX:+EnableJVMCIProduct -XX:JVMCIThreadsPerNativeLibraryRuntime=1 -XX:-UnlockExperimentalVMOptions -ea -Didea.test.cyclic.buffer.size=1048576 -javaagent:C:\Program Files\JetBrains\IntelliJ IDEA 2022.1.3\lib\idea_rt.jar=53860:C:\Program Files\JetBrains\IntelliJ IDEA 2022.1.3\bin -Dfile.encoding=UTF-8 com.intellij.rt.junit.JUnitStarter -ideVersion5 -junit5 com.hd.springbootinit.manager.AiManagerTest,testDoChat

Host: 11th Gen Intel(R) Core(TM) i5-1135G7 @ 2.40GHz, 8 cores, 15G,  Windows 11 , 64 bit Build 22621 (10.0.22621.3235)
Time: Thu Apr 18 19:45:35 2024  Windows 11 , 64 bit Build 22621 (10.0.22621.3235) elapsed time: 0.044760 seconds (0d 0h 0m 0s)

---------------  T H R E A D  ---------------

Current thread (0x0000017ede87a020):  JavaThread "Unknown thread" [_thread_in_vm, id=78004, stack(0x00000017ae700000,0x00000017ae800000)]

Stack: [0x00000017ae700000,0x00000017ae800000]
Native frames: (J=compiled Java code, j=interpreted, Vv=VM code, C=native code)
V  [jvm.dll+0x6679fa]
V  [jvm.dll+0x7c7cfe]
V  [jvm.dll+0x7c964e]
V  [jvm.dll+0x7c9d03]
V  [jvm.dll+0x244d3f]
V  [jvm.dll+0x6648c9]
V  [jvm.dll+0x65923a]
V  [jvm.dll+0x3024a6]
V  [jvm.dll+0x3099c6]
V  [jvm.dll+0x358efe]
V  [jvm.dll+0x35912f]
V  [jvm.dll+0x2d96a8]
V  [jvm.dll+0x2da614]
V  [jvm.dll+0x799ea1]
V  [jvm.dll+0x366ab1]
V  [jvm.dll+0x7794a8]
V  [jvm.dll+0x3e9d2f]
V  [jvm.dll+0x3eb761]
C  [jli.dll+0x5287]
C  [ucrtbase.dll+0x29363]
C  [KERNEL32.DLL+0x1257d]
C  [ntdll.dll+0x5aa58]


---------------  P R O C E S S  ---------------

Threads class SMR info:
_java_thread_list=0x00007ffa9a454a58, length=0, elements={
}

Java Threads: ( => current thread )

Other Threads:
  0x0000017ede8e5a60 GCTaskThread "GC Thread#0" [stack: 0x00000017ae800000,0x00000017ae900000] [id=75860]
  0x0000017ede8f6670 ConcurrentGCThread "G1 Main Marker" [stack: 0x00000017ae900000,0x00000017aea00000] [id=81272]
  0x0000017ede8f8090 ConcurrentGCThread "G1 Conc#0" [stack: 0x00000017aea00000,0x00000017aeb00000] [id=70016]

[error occurred during error reporting (printing all threads), id 0xc0000005, EXCEPTION_ACCESS_VIOLATION (0xc0000005) at pc=0x00007ffa99c9a307]

VM state: not at safepoint (not fully initialized)

VM Mutex/Monitor currently owned by a thread:  ([mutex/lock_event])
[0x0000017ede8744c0] Heap_lock - owner thread: 0x0000017ede87a020

Heap address: 0x0000000703200000, size: 4046 MB, Compressed Oops mode: Zero based, Oop shift amount: 3

CDS archive(s) mapped at: [0x0000000000000000-0x0000000000000000-0x0000000000000000), size 0, SharedBaseAddress: 0x0000000800000000, ArchiveRelocationMode: 0.
Narrow klass base: 0x0000000000000000, Narrow klass shift: 0, Narrow klass range: 0x0

GC Precious Log:
<Empty>

Heap:
 garbage-first heap   total 0K, used 0K [0x0000000703200000, 0x0000000800000000)
  region size 2048K, 0 young (0K), 0 survivors (0K)

[error occurred during error reporting (printing heap information), id 0xc0000005, EXCEPTION_ACCESS_VIOLATION (0xc0000005) at pc=0x00007ffa9a070ec9]

GC Heap History (0 events):
No events

Dll operation events (1 events):
Event: 0.027 Loaded shared library D:\jdk\graalvm-ce-java17-22.3.2\bin\java.dll

Deoptimization events (0 events):
No events

Classes unloaded (0 events):
No events

Classes redefined (0 events):
No events

Internal exceptions (0 events):
No events

VM Operations (0 events):
No events

Events (0 events):
No events


Dynamic libraries:
0x00007ff750940000 - 0x00007ff75094e000 	D:\jdk\graalvm-ce-java17-22.3.2\bin\java.exe
0x00007ffb18990000 - 0x00007ffb18ba6000 	C:\WINDOWS\SYSTEM32\ntdll.dll
0x00007ffb17590000 - 0x00007ffb17654000 	C:\WINDOWS\System32\KERNEL32.DLL
0x00007ffb161c0000 - 0x00007ffb16566000 	C:\WINDOWS\System32\KERNELBASE.dll
0x00007ffb15cd0000 - 0x00007ffb15de1000 	C:\WINDOWS\System32\ucrtbase.dll
0x00007ffb06ff0000 - 0x00007ffb07007000 	D:\jdk\graalvm-ce-java17-22.3.2\bin\jli.dll
0x00007ffaf4a90000 - 0x00007ffaf4aab000 	D:\jdk\graalvm-ce-java17-22.3.2\bin\VCRUNTIME140.dll
0x00007ffb167a0000 - 0x00007ffb1694d000 	C:\WINDOWS\System32\USER32.dll
0x00007ffb15e20000 - 0x00007ffb15e46000 	C:\WINDOWS\System32\win32u.dll
0x00007ffb16e30000 - 0x00007ffb16e59000 	C:\WINDOWS\System32\GDI32.dll
0x00007ffb160a0000 - 0x00007ffb161b8000 	C:\WINDOWS\System32\gdi32full.dll
0x00007ffb15f80000 - 0x00007ffb1601a000 	C:\WINDOWS\System32\msvcp_win.dll
0x00007ffaf7650000 - 0x00007ffaf78e3000 	C:\WINDOWS\WinSxS\amd64_microsoft.windows.common-controls_6595b64144ccf1df_6.0.22621.3235_none_270f74e173860f98\COMCTL32.dll
0x00007ffb17a50000 - 0x00007ffb17af7000 	C:\WINDOWS\System32\msvcrt.dll
0x00007ffb18900000 - 0x00007ffb18931000 	C:\WINDOWS\System32\IMM32.DLL
0x00007ffb06f80000 - 0x00007ffb06f8c000 	D:\jdk\graalvm-ce-java17-22.3.2\bin\vcruntime140_1.dll
0x00007ffae78d0000 - 0x00007ffae795e000 	D:\jdk\graalvm-ce-java17-22.3.2\bin\msvcp140.dll
0x00007ffa999b0000 - 0x00007ffa9a57c000 	D:\jdk\graalvm-ce-java17-22.3.2\bin\server\jvm.dll
0x00007ffb17990000 - 0x00007ffb17a42000 	C:\WINDOWS\System32\ADVAPI32.dll
0x00007ffb17470000 - 0x00007ffb17518000 	C:\WINDOWS\System32\sechost.dll
0x00007ffb15df0000 - 0x00007ffb15e18000 	C:\WINDOWS\System32\bcrypt.dll
0x00007ffb17180000 - 0x00007ffb17295000 	C:\WINDOWS\System32\RPCRT4.dll
0x00007ffb0c5f0000 - 0x00007ffb0c5f9000 	C:\WINDOWS\SYSTEM32\WSOCK32.dll
0x00007ffb16f40000 - 0x00007ffb16fb1000 	C:\WINDOWS\System32\WS2_32.dll
0x00007ffb0cdb0000 - 0x00007ffb0cde4000 	C:\WINDOWS\SYSTEM32\WINMM.dll
0x00007ffb05350000 - 0x00007ffb0535a000 	C:\WINDOWS\SYSTEM32\VERSION.dll
0x00007ffb14e00000 - 0x00007ffb14e18000 	C:\WINDOWS\SYSTEM32\kernel.appcore.dll
0x00007ffaf6c70000 - 0x00007ffaf6c7a000 	D:\jdk\graalvm-ce-java17-22.3.2\bin\jimage.dll
0x00007ffb13210000 - 0x00007ffb13443000 	C:\WINDOWS\SYSTEM32\DBGHELP.DLL
0x00007ffb184c0000 - 0x00007ffb18848000 	C:\WINDOWS\System32\combase.dll
0x00007ffb16e60000 - 0x00007ffb16f37000 	C:\WINDOWS\System32\OLEAUT32.dll
0x00007ffb0cdf0000 - 0x00007ffb0ce22000 	C:\WINDOWS\SYSTEM32\dbgcore.DLL
0x00007ffb16020000 - 0x00007ffb1609a000 	C:\WINDOWS\System32\bcryptPrimitives.dll
0x00007ffaf4920000 - 0x00007ffaf492e000 	D:\jdk\graalvm-ce-java17-22.3.2\bin\instrument.dll
0x00007ffaf4a60000 - 0x00007ffaf4a85000 	D:\jdk\graalvm-ce-java17-22.3.2\bin\java.dll

dbghelp: loaded successfully - version: 4.0.5 - missing functions: none
symbol engine: initialized successfully - sym options: 0x614 - pdb path: .;D:\jdk\graalvm-ce-java17-22.3.2\bin;C:\WINDOWS\SYSTEM32;C:\WINDOWS\WinSxS\amd64_microsoft.windows.common-controls_6595b64144ccf1df_6.0.22621.3235_none_270f74e173860f98;D:\jdk\graalvm-ce-java17-22.3.2\bin\server

VM Arguments:
jvm_args: -XX:ThreadPriorityPolicy=1 -XX:+UnlockExperimentalVMOptions -XX:+EnableJVMCIProduct -XX:JVMCIThreadsPerNativeLibraryRuntime=1 -XX:-UnlockExperimentalVMOptions -ea -Didea.test.cyclic.buffer.size=1048576 -javaagent:C:\Program Files\JetBrains\IntelliJ IDEA 2022.1.3\lib\idea_rt.jar=53860:C:\Program Files\JetBrains\IntelliJ IDEA 2022.1.3\bin -Dfile.encoding=UTF-8 
java_command: com.intellij.rt.junit.JUnitStarter -ideVersion5 -junit5 com.hd.springbootinit.manager.AiManagerTest,testDoChat
java_class_path (initial): C:\Users\29077\.m2\repository\org\junit\platform\junit-platform-launcher\1.8.2\junit-platform-launcher-1.8.2.jar;C:\Users\29077\.m2\repository\org\junit\platform\junit-platform-engine\1.8.2\junit-platform-engine-1.8.2.jar;C:\Users\29077\.m2\repository\org\opentest4j\opentest4j\1.2.0\opentest4j-1.2.0.jar;C:\Users\29077\.m2\repository\org\junit\platform\junit-platform-commons\1.8.2\junit-platform-commons-1.8.2.jar;C:\Users\29077\.m2\repository\org\apiguardian\apiguardian-api\1.1.2\apiguardian-api-1.1.2.jar;C:\Program Files\JetBrains\IntelliJ IDEA 2022.1.3\lib\idea_rt.jar;C:\Program Files\JetBrains\IntelliJ IDEA 2022.1.3\plugins\junit\lib\junit5-rt.jar;C:\Program Files\JetBrains\IntelliJ IDEA 2022.1.3\plugins\junit\lib\junit-rt.jar;D:\桌面\java\简\鱼皮智能BI平台\code\hdbi-backend\target\test-classes;D:\桌面\java\简\鱼皮智能BI平台\code\hdbi-backend\target\classes;D:\apache-maven-repository\org\springframework\boot\spring-boot-starter-freemarker\2.7.2\spring-boot-starter-freemarker-2.7.2.jar;D:\apache-maven-repository\org\springframework\boot\spring-boot-starter\2.7.2\spring-boot-starter-2.7.2.jar;D:\apache-maven-repository\org\springframework\boot\spring-boot-starter-logging\2.7.2\spring-boot-starter-logging-2.7.2.jar;D:\apache-maven-repository\ch\qos\logback\logback-classic\1.2.11\logback-classic-1.2.11.jar;D:\apache-maven-repository\ch\qos\logback\logback-core\1.2.11\logback-core-1.2.11.jar;D:\apache-maven-repository\org\apache\logging\log4j\log4j-to-slf4j\2.17.2\log4j-to-slf4j-2.17.2.jar;D:\apache-maven-repository\org\apache\logging\log4j\log4j-api\2.17.2\log4j-api-2.17.2.jar;D:\apache-maven-repository\org\slf4j\jul-to-slf4j\1.7.36\jul-to-slf4j-1.7.36.jar;D:\apache-maven-repository\jakarta\annotation\jakarta.annotation-api\1.3.5\jakarta.annotation-api-1.3.5.jar;D:\apache-maven-repository\org\yaml\snakeyaml\1.30\snakeyaml-1.30.jar;D:\apache-maven-repository\org\freemarker\freemarker\2.3.31\freemarker-2.3.31.jar;D:\apache-maven-repository\o
Launcher Type: SUN_STANDARD

[Global flags]
     intx CICompilerCount                          = 4                                         {product} {ergonomic}
     uint ConcGCThreads                            = 2                                         {product} {ergonomic}
     bool EnableJVMCIProduct                       = true                                {JVMCI product} {jimage}
     uint G1ConcRefinementThreads                  = 8                                         {product} {ergonomic}
   size_t G1HeapRegionSize                         = 2097152                                   {product} {ergonomic}
    uintx GCDrainStackTargetSize                   = 64                                        {product} {ergonomic}
   size_t InitialHeapSize                          = 266338304                                 {product} {ergonomic}
     uint JVMCIThreadsPerNativeLibraryRuntime      = 1                                   {JVMCI product} {jimage}
   size_t MarkStackSize                            = 4194304                                   {product} {ergonomic}
   size_t MaxHeapSize                              = 4242538496                                {product} {ergonomic}
   size_t MinHeapDeltaBytes                        = 2097152                                   {product} {ergonomic}
   size_t MinHeapSize                              = 8388608                                   {product} {ergonomic}
    uintx NonNMethodCodeHeapSize                   = 6979620                                {pd product} {ergonomic}
    uintx NonProfiledCodeHeapSize                  = 122339310                              {pd product} {ergonomic}
    uintx ProfiledCodeHeapSize                     = 122339310                              {pd product} {ergonomic}
    uintx ReservedCodeCacheSize                    = 251658240                              {pd product} {ergonomic}
     bool SegmentedCodeCache                       = true                                      {product} {ergonomic}
   size_t SoftMaxHeapSize                          = 4242538496                             {manageable} {ergonomic}
     intx ThreadPriorityPolicy                     = 1                                         {product} {jimage}
     bool UseCompressedClassPointers               = true                           {product lp64_product} {ergonomic}
     bool UseCompressedOops                        = true                           {product lp64_product} {ergonomic}
     bool UseG1GC                                  = true                                      {product} {ergonomic}
     bool UseLargePagesIndividualAllocation        = false                                  {pd product} {ergonomic}

Logging:
Log output configuration:
 #0: stdout all=warning uptime,level,tags
 #1: stderr all=off uptime,level,tags

Environment Variables:
JAVA_HOME=D:\jdk\jdk-17.0.4.1
PATH=D:\jdk\jdk-17.0.4.1\bin;C:\Program Files (x86)\Common Files\Oracle\Java\javapath;D:\VMware\VMware\bin\;D:\mysql-8.0.25\mysql-8.0.25-winx64\bin;D:\mysql-5.7.19-winx64\bin;C:\Windows\system32;C:\Windows;C:\Windows\System32\Wbem;C:\Windows\System32\WindowsPowerShell\v1.0\;C:\Windows\System32\OpenSSH\;C:\Program Files (x86)\NVIDIA Corporation\PhysX\Common;C:\Program Files\NVIDIA Corporation\NVIDIA NvDLISR;C:\WINDOWS\system32;C:\WINDOWS;C:\WINDOWS\System32\Wbem;C:\WINDOWS\System32\WindowsPowerShell\v1.0\;C:\WINDOWS\System32\OpenSSH\;C:\Program Files\Git\cmd;C:\Program Files\Microsoft SQL Server\Client SDK\ODBC\170\Tools\Binn\;C:\Program Files (x86)\Microsoft SQL Server\150\Tools\Binn\;C:\Program Files\Microsoft SQL Server\150\Tools\Binn\;C:\Program Files\Microsoft SQL Server\150\DTS\Binn\;C:\Program Files\Azure Data Studio\bin;C:\Program Files (x86)\Microsoft SQL Server\150\DTS\Binn\;C:\Program Files\dotnet\;C:\ProgramData\chocolatey\bin;D:\apache-maven-3.8.4\bin;D:\anaconda;D:\anaconda\Scripts;D:\anaconda\Library\bin;D:\anaconda\Library\mingw-w64\bin;D:\redis\redis-x64-3.0.504;D:\nodejs\node_global\node_modules;D:\Xftp7\;D:\Xshell\;D:\Windows Kits\10\Windows Performance Toolkit\;D:\Visual Studio2022Professional\VC\Tools\MSVC\14.33.31629\bin\Hostx64\x64;D:\vs code\Microsoft VS Code\bin;D:\nvm\nvm;D:\nvm\nvm\npm;D:\nodejs;D:\nvm\nvm\npm\node_modules\yarn\bin;D:\redis\;D:\python\pycharm\python3.10.7\Scripts\;D:\python\pycharm\python3.10.7\;"D:\jdk\bin;C:\Users\29077\AppData\Local\Microsoft\WindowsApps";C:\Users\29077\AppData\Local\Microsoft\WindowsApps;C:\Program Files\Azure Data Studio\bin;C:\Users\29077\.dotnet\tools;D:\MinGW\x86_64-8.1.0-release-win32-seh-rt_v6-rev0\mingw64\bin;C:\Users\29077\AppData\Local\GitHubDesktop\bin;D:\nodejs\node_global;D:\nvm\nvm;D:\nodejs;D:\webstorm\WebStorm 2022.1.4\bin;
USERNAME=29077
OS=Windows_NT
PROCESSOR_IDENTIFIER=Intel64 Family 6 Model 140 Stepping 1, GenuineIntel
TMP=C:\Users\29077\AppData\Local\Temp
TEMP=C:\Users\29077\AppData\Local\Temp



---------------  S Y S T E M  ---------------

OS:
 Windows 11 , 64 bit Build 22621 (10.0.22621.3235)
OS uptime: 6 days 23:46 hours

CPU: total 8 (initial active 8) (4 cores per cpu, 2 threads per core) family 6 model 140 stepping 1 microcode 0x52, cx8, cmov, fxsr, ht, mmx, 3dnowpref, sse, sse2, sse3, ssse3, sse4.1, sse4.2, popcnt, lzcnt, tsc, tscinvbit, avx, avx2, aes, erms, clmul, bmi1, bmi2, adx, avx512f, avx512dq, avx512cd, avx512bw, avx512vl, sha, fma, vzeroupper, avx512_vpopcntdq, avx512_vpclmulqdq, avx512_vaes, avx512_vnni, clflush, clflushopt, clwb, avx512_vbmi2, avx512_vbmi

Memory: 4k page, system-wide physical 16183M (957M free)
TotalPageFile size 35383M (AvailPageFile size 132M)
current process WorkingSet (physical memory assigned to process): 12M, peak: 12M
current process commit charge ("private bytes"): 60M, peak: 314M

vm_info: OpenJDK 64-Bit Server VM (17.0.7+7-jvmci-22.3-b18) for windows-amd64 JRE (17.0.7+7-jvmci-22.3-b18), built on Apr 19 2023 08:16:43 by "" with MS VC++ 17.1 (VS2022)

END.
